#
# There is insufficient memory for the Java Runtime Environment to continue.
# Native memory allocation (mmap) failed to map 34359738368 bytes for G1 virtual space
# Possible reasons:
#   The system is out of physical RAM or swap space
# Possible solutions:
#   Reduce memory load on the system
#   Increase physical memory or swap space
#   Check if swap backing store is full
#   Decrease Java heap size (-Xmx/-Xms)
#   Decrease number of Java threads
#   Decrease Java thread stack sizes (-Xss)
#   Set larger code cache with -XX:ReservedCodeCacheSize=
# This output file may be truncated or incomplete.
#
#  Out of Memory Error (os_windows.cpp:3541), pid=21740, tid=18720
#
# JRE version:  (17.0.5+9) (build )
# Java VM: Java HotSpot(TM) 64-Bit Server VM (17.0.5+9-LTS-191, mixed mode, sharing, tiered, compressed class ptrs, g1 gc, windows-amd64)
# No core dump will be written. Minidumps are not enabled by default on client versions of Windows
#

---------------  S U M M A R Y ------------

Command Line: --enable-preview -Xmx32G -Xms32G -Dorg.bytedeco.javacpp.maxbytes=8G -Dorg.bytedeco.javacpp.maxphysicalbytes=11G --add-opens=java.base/java.nio=ALL-UNNAMED -agentlib:jdwp=transport=dt_socket,server=n,address=63644 com.ebremer.rocrate4j.ROCrateReader

Host: AMD Ryzen 7 3800X 8-Core Processor             , 16 cores, 63G,  Windows 11 , 64 bit Build 22621 (10.0.22621.755)
Time: Tue Nov  1 17:01:20 2022 Eastern Daylight Time elapsed time: 0.012180 seconds (0d 0h 0m 0s)

---------------  T H R E A D  ---------------

Current thread (0x00000211be7c7f50):  JavaThread "Unknown thread" [_thread_in_vm, id=18720, stack(0x000000d8a5200000,0x000000d8a5300000)]

Stack: [0x000000d8a5200000,0x000000d8a5300000]
Native frames: (J=compiled Java code, j=interpreted, Vv=VM code, C=native code)
V  [jvm.dll+0x672eea]
V  [jvm.dll+0x7d2a04]
V  [jvm.dll+0x7d41ae]
V  [jvm.dll+0x7d4813]
V  [jvm.dll+0x242c15]
V  [jvm.dll+0x66fe09]
V  [jvm.dll+0x664682]
V  [jvm.dll+0x300e8b]
V  [jvm.dll+0x308426]
V  [jvm.dll+0x357ffe]
V  [jvm.dll+0x35822f]
V  [jvm.dll+0x2d80a8]
V  [jvm.dll+0x2d9014]
V  [jvm.dll+0x7a44e1]
V  [jvm.dll+0x365df1]
V  [jvm.dll+0x7838fc]
V  [jvm.dll+0x3e873f]
V  [jvm.dll+0x3ea1e1]
C  [jli.dll+0x527b]
C  [ucrtbase.dll+0x29363]
C  [KERNEL32.DLL+0x1244d]
C  [ntdll.dll+0x5dfb8]


---------------  P R O C E S S  ---------------

Threads class SMR info:
_java_thread_list=0x00007ff8b2f2a8d8, length=0, elements={
}

Java Threads: ( => current thread )

Other Threads:
  0x00000211be87e650 GCTaskThread "GC Thread#0" [stack: 0x000000d8a5300000,0x000000d8a5400000] [id=42844]
  0x00000211d5a94090 ConcurrentGCThread "G1 Main Marker" [stack: 0x000000d8a5400000,0x000000d8a5500000] [id=10564]
  0x00000211d5a95ab0 ConcurrentGCThread "G1 Conc#0" [stack: 0x000000d8a5500000,0x000000d8a5600000] [id=34852]

[error occurred during error reporting (printing all threads), id 0xc0000005, EXCEPTION_ACCESS_VIOLATION (0xc0000005) at pc=0x00007ff8b2778a97]

VM state: not at safepoint (not fully initialized)

VM Mutex/Monitor currently owned by a thread:  ([mutex/lock_event])
[0x00000211be7c4d90] Heap_lock - owner thread: 0x00000211be7c7f50

CDS archive(s) mapped at: [0x0000000000000000-0x0000000000000000-0x0000000000000000), size 0, SharedBaseAddress: 0x0000000800000000, ArchiveRelocationMode: 0.
Narrow klass base: 0x0000000000000000, Narrow klass shift: 0, Narrow klass range: 0x0

GC Precious Log:
<Empty>

Heap:
 garbage-first heap   total 0K, used 0K [0x00000211d6000000, 0x00000219d6000000)
  region size 16384K, 0 young (0K), 0 survivors (0K)

[error occurred during error reporting (printing heap information), id 0xc0000005, EXCEPTION_ACCESS_VIOLATION (0xc0000005) at pc=0x00007ff8b2b5c399]

GC Heap History (0 events):
No events

Deoptimization events (0 events):
No events

Classes unloaded (0 events):
No events

Classes redefined (0 events):
No events

Internal exceptions (0 events):
No events

VM Operations (0 events):
No events

Events (1 events):
Event: 0.006 Loaded shared library C:\bin\graalvm\bin\java.dll


Dynamic libraries:
0x00007ff7eb9b0000 - 0x00007ff7eb9c0000 	C:\bin\graalvm\bin\java.exe
0x00007ff9be050000 - 0x00007ff9be264000 	C:\WINDOWS\SYSTEM32\ntdll.dll
0x00007ff9bc600000 - 0x00007ff9bc6c2000 	C:\WINDOWS\System32\KERNEL32.DLL
0x00007ff9bb700000 - 0x00007ff9bba9d000 	C:\WINDOWS\System32\KERNELBASE.dll
0x00007ff9bb5e0000 - 0x00007ff9bb6f1000 	C:\WINDOWS\System32\ucrtbase.dll
0x00007ff9af7d0000 - 0x00007ff9af7e8000 	C:\bin\graalvm\bin\jli.dll
0x00007ff9b3100000 - 0x00007ff9b311a000 	C:\bin\graalvm\bin\VCRUNTIME140.dll
0x00007ff9bc780000 - 0x00007ff9bc82e000 	C:\WINDOWS\System32\ADVAPI32.dll
0x00007ff9bc3a0000 - 0x00007ff9bc447000 	C:\WINDOWS\System32\msvcrt.dll
0x00007ff9bc6d0000 - 0x00007ff9bc774000 	C:\WINDOWS\System32\sechost.dll
0x00007ff9bc960000 - 0x00007ff9bca75000 	C:\WINDOWS\System32\RPCRT4.dll
0x00007ff9bd2c0000 - 0x00007ff9bd46a000 	C:\WINDOWS\System32\USER32.dll
0x00007ff9bbb10000 - 0x00007ff9bbb36000 	C:\WINDOWS\System32\win32u.dll
0x00007ff9a0910000 - 0x00007ff9a0b9e000 	C:\WINDOWS\WinSxS\amd64_microsoft.windows.common-controls_6595b64144ccf1df_6.0.22621.608_none_a9444ca7c10bb01d\COMCTL32.dll
0x00007ff9bdfb0000 - 0x00007ff9bdfd9000 	C:\WINDOWS\System32\GDI32.dll
0x00007ff9bbd30000 - 0x00007ff9bbe42000 	C:\WINDOWS\System32\gdi32full.dll
0x00007ff9bb480000 - 0x00007ff9bb51a000 	C:\WINDOWS\System32\msvcp_win.dll
0x00007ff9b4b20000 - 0x00007ff9b4b2a000 	C:\WINDOWS\SYSTEM32\VERSION.dll
0x00007ff9bc360000 - 0x00007ff9bc392000 	C:\WINDOWS\System32\IMM32.DLL
0x00007ff9b8200000 - 0x00007ff9b820c000 	C:\bin\graalvm\bin\vcruntime140_1.dll
0x00007ff9a2710000 - 0x00007ff9a279d000 	C:\bin\graalvm\bin\msvcp140.dll
0x00007ff8b2490000 - 0x00007ff8b3052000 	C:\bin\graalvm\bin\server\jvm.dll
0x00007ff9bc830000 - 0x00007ff9bc838000 	C:\WINDOWS\System32\PSAPI.DLL
0x00007ff9a4240000 - 0x00007ff9a4249000 	C:\WINDOWS\SYSTEM32\WSOCK32.dll
0x00007ff9b6f20000 - 0x00007ff9b6f54000 	C:\WINDOWS\SYSTEM32\WINMM.dll
0x00007ff9bd160000 - 0x00007ff9bd1d1000 	C:\WINDOWS\System32\WS2_32.dll
0x00007ff9ba5a0000 - 0x00007ff9ba5b8000 	C:\WINDOWS\SYSTEM32\kernel.appcore.dll
0x00007ff9b2f20000 - 0x00007ff9b2f2a000 	C:\bin\graalvm\bin\jimage.dll
0x00007ff9b8dd0000 - 0x00007ff9b8ffe000 	C:\WINDOWS\SYSTEM32\DBGHELP.DLL
0x00007ff9bccd0000 - 0x00007ff9bd05a000 	C:\WINDOWS\System32\combase.dll
0x00007ff9bd1e0000 - 0x00007ff9bd2b7000 	C:\WINDOWS\System32\OLEAUT32.dll
0x00007ff9b2de0000 - 0x00007ff9b2e12000 	C:\WINDOWS\SYSTEM32\dbgcore.DLL
0x00007ff9bbb40000 - 0x00007ff9bbbbb000 	C:\WINDOWS\System32\bcryptPrimitives.dll
0x00007ff9a9680000 - 0x00007ff9a96bb000 	C:\bin\graalvm\bin\jdwp.dll
0x00007ff9b21c0000 - 0x00007ff9b21e5000 	C:\bin\graalvm\bin\java.dll

dbghelp: loaded successfully - version: 4.0.5 - missing functions: none
symbol engine: initialized successfully - sym options: 0x614 - pdb path: .;C:\bin\graalvm\bin;C:\WINDOWS\SYSTEM32;C:\WINDOWS\WinSxS\amd64_microsoft.windows.common-controls_6595b64144ccf1df_6.0.22621.608_none_a9444ca7c10bb01d;C:\bin\graalvm\bin\server

VM Arguments:
jvm_args: --enable-preview -Xmx32G -Xms32G -Dorg.bytedeco.javacpp.maxbytes=8G -Dorg.bytedeco.javacpp.maxphysicalbytes=11G --add-opens=java.base/java.nio=ALL-UNNAMED -agentlib:jdwp=transport=dt_socket,server=n,address=63644 
java_command: com.ebremer.rocrate4j.ROCrateReader
java_class_path (initial): D:\projects\RO-Crate4J\target\classes;C:\Users\erich\.m2\repository\org\apache\jena\jena-base\4.6.1\jena-base-4.6.1.jar;C:\Users\erich\.m2\repository\org\apache\jena\jena-shaded-guava\4.6.1\jena-shaded-guava-4.6.1.jar;C:\Users\erich\.m2\repository\org\apache\commons\commons-csv\1.9.0\commons-csv-1.9.0.jar;C:\Users\erich\.m2\repository\commons-io\commons-io\2.11.0\commons-io-2.11.0.jar;C:\Users\erich\.m2\repository\org\apache\commons\commons-lang3\3.12.0\commons-lang3-3.12.0.jar;C:\Users\erich\.m2\repository\com\github\andrewoma\dexx\collection\0.7\collection-0.7.jar;C:\Users\erich\.m2\repository\org\apache\jena\jena-iri\4.6.1\jena-iri-4.6.1.jar;C:\Users\erich\.m2\repository\commons-cli\commons-cli\1.5.0\commons-cli-1.5.0.jar;C:\Users\erich\.m2\repository\org\apache\jena\jena-querybuilder\4.6.1\jena-querybuilder-4.6.1.jar;C:\Users\erich\.m2\repository\org\apache\jena\jena-shacl\4.6.1\jena-shacl-4.6.1.jar;C:\Users\erich\.m2\repository\org\apache\jena\jena-arq\4.6.1\jena-arq-4.6.1.jar;C:\Users\erich\.m2\repository\org\apache\jena\jena-core\4.6.1\jena-core-4.6.1.jar;C:\Users\erich\.m2\repository\com\github\jsonld-java\jsonld-java\0.13.4\jsonld-java-0.13.4.jar;C:\Users\erich\.m2\repository\com\google\code\gson\gson\2.9.1\gson-2.9.1.jar;C:\Users\erich\.m2\repository\org\apache\httpcomponents\httpclient-cache\4.5.13\httpclient-cache-4.5.13.jar;C:\Users\erich\.m2\repository\org\apache\httpcomponents\httpclient\4.5.13\httpclient-4.5.13.jar;C:\Users\erich\.m2\repository\org\apache\httpcomponents\httpcore\4.4.13\httpcore-4.4.13.jar;C:\Users\erich\.m2\repository\org\slf4j\jcl-over-slf4j\1.7.36\jcl-over-slf4j-1.7.36.jar;C:\Users\erich\.m2\repository\com\apicatalog\titanium-json-ld\1.3.1\titanium-json-ld-1.3.1.jar;C:\Users\erich\.m2\repository\org\glassfish\jakarta.json\2.0.1\jakarta.json-2.0.1.jar;C:\Users\erich\.m2\repository\com\google\protobuf\protobuf-java\3.21.4\protobuf-java-3.21.4.jar;C:\Users\erich\.m2\repository\org\apache\thrift\libthrift\0
Launcher Type: SUN_STANDARD

[Global flags]
     intx CICompilerCount                          = 12                                        {product} {ergonomic}
     uint ConcGCThreads                            = 3                                         {product} {ergonomic}
     uint G1ConcRefinementThreads                  = 13                                        {product} {ergonomic}
   size_t G1HeapRegionSize                         = 16777216                                  {product} {ergonomic}
    uintx GCDrainStackTargetSize                   = 64                                        {product} {ergonomic}
   size_t InitialHeapSize                          = 34359738368                               {product} {command line}
   size_t MarkStackSize                            = 4194304                                   {product} {ergonomic}
   size_t MaxHeapSize                              = 34359738368                               {product} {command line}
   size_t MinHeapDeltaBytes                        = 16777216                                  {product} {ergonomic}
   size_t MinHeapSize                              = 34359738368                               {product} {command line}
    uintx NonNMethodCodeHeapSize                   = 7602480                                {pd product} {ergonomic}
    uintx NonProfiledCodeHeapSize                  = 122027880                              {pd product} {ergonomic}
    uintx ProfiledCodeHeapSize                     = 122027880                              {pd product} {ergonomic}
    uintx ReservedCodeCacheSize                    = 251658240                              {pd product} {ergonomic}
     bool SegmentedCodeCache                       = true                                      {product} {ergonomic}
   size_t SoftMaxHeapSize                          = 34359738368                            {manageable} {ergonomic}
     bool UseCompressedClassPointers               = true                           {product lp64_product} {ergonomic}
     bool UseG1GC                                  = true                                      {product} {ergonomic}
     bool UseLargePagesIndividualAllocation        = false                                  {pd product} {ergonomic}

Logging:
Log output configuration:
 #0: stdout all=warning uptime,level,tags
 #1: stderr all=off uptime,level,tags

Environment Variables:
JAVA_HOME=C:\bin\graalvm
PATH=;C:\Program Files (x86)\VMware\VMware Workstation\bin\;C:\Program Files\Oculus\Support\oculus-runtime;C:\Program Files (x86)\Razer Chroma SDK\bin;C:\Program Files\Razer Chroma SDK\bin;C:\Program Files (x86)\Common Files\Intel\Shared Libraries\redist\intel64\compiler;C:\Windows\system32;C:\Windows;C:\Windows\System32\Wbem;C:\Windows\System32\WindowsPowerShell\v1.0\;C:\Windows\System32\OpenSSH\;C:\Program Files (x86)\NVIDIA Corporation\PhysX\Common;C:\Program Files\NVIDIA Corporation\NVIDIA NvDLISR;C:\bin\graalvm\bin;C:\PROGRA~1\MATLAB\R2020a\runtime\win64;C:\Program Files\MATLAB\R2020a\bin;C:\Program Files\Microsoft SQL Server\110\Tools\Binn\;C:\Program Files\Topaz Labs LLC\Topaz Video Enhance AI;C:\Users\erich\AppData\Local\Microsoft\WindowsApps;C:\bin\apache-maven-3.8.1\bin;C:\bin\bftools;C:\bin\rclone;C:\bin\dcm4che\lib\win-x86_64;C:\bin\apache-jena\bat;C:\Program Files (x86)\Aperio\Common;C:\WINDOWS\system32;C:\WINDOWS;C:\WINDOWS\System32\Wbem;C:\WINDOWS\System32\WindowsPowerShell\v1.0\;C:\WINDOWS\System32\OpenSSH\;C:\Program Files (x86)\Microsoft SQL Server\150\DTS\Binn\;C:\Program Files\Azure Data Studio\bin;C:\Program Files\Git\bin;C:\Program Files\Microsoft SQL Server\Client SDK\ODBC\110\Tools\Binn\;C:\Program Files (x86)\Microsoft SQL Server\120\Tools\Binn\ManagementStudio\;C:\Program Files (x86)\Microsoft SQL Server\120\Tools\Binn\;C:\Program Files\Microsoft SQL Server\120\Tools\Binn\;C:\Program Files (x86)\Microsoft SQL Server\120\DTS\Binn\;C:\Program Files\Microsoft SQL Server\120\DTS\Binn\;C:\Program Files\dotnet\;%SystemRoot%\system32;%SystemRoot%;%SystemRoot%\System32\Wbem;%SYSTEMROOT%\System32\WindowsPowerShell\v1.0\;%SYSTEMROOT%\System32\OpenSSH\;C:\Users\erich\AppData\Local\Microsoft\WindowsApps;C:\bin\bftools;C:\bin\rclone;C:\bin\dcm4che\lib\win-x86_64;C:\bin\apache-jena\bat;C:\Program Files\Azure Data Studio\bin;C:\Users\erich\AppData\Local\GitHubDesktop\bin;C:\bin\apache-maven\bin;C:\bin\upx;c:\bin;C:\bin\gzip\bin;
USERNAME=erich
OS=Windows_NT
PROCESSOR_IDENTIFIER=AMD64 Family 23 Model 113 Stepping 0, AuthenticAMD



---------------  S Y S T E M  ---------------

OS:
 Windows 11 , 64 bit Build 22621 (10.0.22621.755)
OS uptime: 6 days 7:56 hours
Hyper-V role detected

CPU: total 16 (initial active 16) (16 cores per cpu, 2 threads per core) family 23 model 113 stepping 0 microcode 0x0, cx8, cmov, fxsr, ht, mmx, 3dnowpref, sse, sse2, sse3, ssse3, sse4a, sse4.1, sse4.2, popcnt, lzcnt, tsc, tscinvbit, avx, avx2, aes, clmul, bmi1, bmi2, adx, sha, fma, vzeroupper, clflush, clflushopt, hv

Memory: 4k page, system-wide physical 65449M (39842M free)
TotalPageFile size 85449M (AvailPageFile size 15117M)
current process WorkingSet (physical memory assigned to process): 12M, peak: 12M
current process commit charge ("private bytes"): 72M, peak: 32840M

vm_info: Java HotSpot(TM) 64-Bit Server VM (17.0.5+9-LTS-191) for windows-amd64 JRE (17.0.5+9-LTS-191), built on Sep 13 2022 17:31:43 by "mach5one" with MS VC++ 16.8 / 16.9 (VS2019)

END.
